2015-12-12 20:14:30 [scrapy] DEBUG: Crawled (200) <GET https://sports.yahoo.com/nba/teams/nyk/stats/> (referer: None)
2015-12-12 20:14:30 [scrapy] DEBUG: Scraped from <200 https://sports.yahoo.com/nba/teams/nyk/stats/>
{'roster': {u'Arron Afflalo': {'ast': 1.8,
 'blk': 0.1,
 'dreb': 3.6,
 'fga': 11.4,
 'fgm': 5.3,
 'fgp': 46.7,
 'fta': 1.1,
 'ftm': 0.9,
 'ftp': 77.8,
 'gp': 16.0,
 'mins': 2954.0,
 'oreb': 0.4,
 'pf': 2.5,
 'ppg': 12.5,
 'reb': 3.9,
 'stl': 0.2,
 'threepa': 3.4,
 'threepm': 1.0,
 'threepp': 29.1,
 'to': 0.9},
            u'Carmelo Anthony': {'ast': 3.3,
 'blk': 0.5,
 'dreb': 6.0,
 'fga': 18.1,
 'fgm': 7.3,
 'fgp': 40.1,
 'fta': 6.0,
 'ftm': 5.0,
 'ftp': 83.2,
 'gp': 23.0,
 'mins': 3358.0,
 'oreb': 1.3,
 'pf': 2.8,
 'ppg': 21.1,
 'reb': 7.3,
 'stl': 1.0,
 'threepa': 4.8,
 'threepm': 1.7,
 'threepp': 34.2,
 'to': 2.5},
            u'Cleanthony Early': {'ast': 0.1,
 'blk': 0.1,
 'dreb': 0.3,
 'fga': 0.9,
 'fgm': 0.4,
 'fgp': 50.0,
 'fta': 0.0,
 'ftm': 0.0,
 'ftp': 0.0,
 'gp': 7.0,
 'mins': 351.0,
 'oreb': 0.0,
 'pf': 0.3,
 'ppg': 1.0,
 'reb': 0.3,
 'stl': 0.1,
 'threepa': 0.6,
 'threepm': 0.1,
 'threepp': 25.0,
 'to': 0.0},
            u'Derrick Williams': {'ast': 0.7,
 'blk': 0.2,
 'dreb': 1.8,
 'fga': 5.5,
 'fgm': 2.2,
 'fgp': 40.2,
 'fta': 2.7,
 'ftm': 2.0,
 'ftp': 74.2,
 'gp': 23.0,
 'mins': 1258.0,
 'oreb': 0.4,
 'pf': 0.9,
 'ppg': 6.9,
 'reb': 2.2,
 'stl': 0.4,
 'threepa': 1.6,
 'threepm': 0.4,
 'threepp': 27.0,
 'to': 0.5},
            u'Jerian Grant': {'ast': 2.5,
 'blk': 0.0,
 'dreb': 1.7,
 'fga': 4.9,
 'fgm': 1.9,
 'fgp': 38.1,
 'fta': 1.9,
 'ftm': 1.5,
 'ftp': 82.2,
 'gp': 24.0,
 'mins': 1710.0,
 'oreb': 0.2,
 'pf': 1.6,
 'ppg': 5.5,
 'reb': 1.9,
 'stl': 0.5,
 'threepa': 1.1,
 'threepm': 0.2,
 'threepp': 19.2,
 'to': 1.4},
            u'Jose Calderon': {'ast': 3.7,
 'blk': 0.0,
 'dreb': 2.5,
 'fga': 6.3,
 'fgm': 3.0,
 'fgp': 47.4,
 'fta': 0.8,
 'ftm': 0.7,
 'ftp': 88.9,
 'gp': 24.0,
 'mins': 2712.0,
 'oreb': 0.3,
 'pf': 1.6,
 'ppg': 7.9,
 'reb': 2.8,
 'stl': 1.0,
 'threepa': 3.1,
 'threepm': 1.3,
 'threepp': 40.5,
 'to': 1.1},
            u'Kevin Seraphin': {'ast': 1.4,
 'blk': 0.8,
 'dreb': 1.9,
 'fga': 4.7,
 'fgm': 1.9,
 'fgp': 41.1,
 'fta': 0.6,
 'ftm': 0.5,
 'ftp': 83.3,
 'gp': 19.0,
 'mins': 1208.0,
 'oreb': 0.8,
 'pf': 1.5,
 'ppg': 4.4,
 'reb': 2.7,
 'stl': 0.3,
 'threepa': 0.0,
 'threepm': 0.0,
 'threepp': 0.0,
 'to': 1.2},
            u'Kristaps Porzingis': {'ast': 1.0,
 'blk': 1.9,
 'dreb': 6.3,
 'fga': 11.7,
 'fgm': 5.3,
 'fgp': 45.0,
 'fta': 3.2,
 'ftm': 2.7,
 'ftp': 84.2,
 'gp': 24.0,
 'mins': 2741.0,
 'oreb': 2.3,
 'pf': 3.1,
 'ppg': 14.1,
 'reb': 8.6,
 'stl': 0.7,
 'threepa': 2.7,
 'threepm': 1.0,
 'threepp': 35.4,
 'to': 1.9},
            u"Kyle O'Quinn": {'ast': 1.2,
 'blk': 0.9,
 'dreb': 2.7,
 'fga': 4.0,
 'fgm': 1.7,
 'fgp': 43.4,
 'fta': 1.4,
 'ftm': 1.1,
 'ftp': 76.9,
 'gp': 19.0,
 'mins': 1228.0,
 'oreb': 1.5,
 'pf': 1.9,
 'ppg': 4.5,
 'reb': 4.3,
 'stl': 0.5,
 'threepa': 0.4,
 'threepm': 0.0,
 'threepp': 0.0,
 'to': 0.8},
            u'Lance Thomas': {'ast': 0.5,
 'blk': 0.0,
 'dreb': 1.4,
 'fga': 6.2,
 'fgm': 2.7,
 'fgp': 43.9,
 'fta': 1.8,
 'ftm': 1.5,
 'ftp': 85.7,
 'gp': 24.0,
 'mins': 1952.0,
 'oreb': 0.5,
 'pf': 1.5,
 'ppg': 7.6,
 'reb': 1.9,
 'stl': 0.3,
 'threepa': 2.0,
 'threepm': 0.7,
 'threepp': 36.2,
 'to': 0.9},
            u'Langston Galloway': {'ast': 1.9,
 'blk': 0.1,
 'dreb': 3.0,
 'fga': 7.2,
 'fgm': 2.7,
 'fgp': 37.6,
 'fta': 1.8,
 'ftm': 1.4,
 'ftp': 76.7,
 'gp': 24.0,
 'mins': 2444.0,
 'oreb': 0.6,
 'pf': 2.1,
 'ppg': 8.1,
 'reb': 3.7,
 'stl': 1.1,
 'threepa': 3.1,
 'threepm': 1.3,
 'threepp': 43.2,
 'to': 0.6},
            u'Louis Amundson': {'ast': 0.4,
 'blk': 0.3,
 'dreb': 1.5,
 'fga': 2.4,
 'fgm': 1.2,
 'fgp': 50.0,
 'fta': 1.5,
 'ftm': 0.6,
 'ftp': 43.8,
 'gp': 11.0,
 'mins': 852.0,
 'oreb': 0.7,
 'pf': 1.8,
 'ppg': 3.0,
 'reb': 2.2,
 'stl': 0.5,
 'threepa': 0.0,
 'threepm': 0.0,
 'threepp': 0.0,
 'to': 0.2},
            u'Robin Lopez': {'ast': 1.8,
 'blk': 1.1,
 'dreb': 3.3,
 'fga': 6.4,
 'fgm': 2.9,
 'fgp': 45.1,
 'fta': 1.4,
 'ftm': 1.1,
 'ftp': 81.8,
 'gp': 24.0,
 'mins': 2341.0,
 'oreb': 2.2,
 'pf': 2.5,
 'ppg': 6.9,
 'reb': 5.5,
 'stl': 0.2,
 'threepa': 0.0,
 'threepm': 0.0,
 'threepp': 0.0,
 'to': 1.8},
            u'Sasha Vujacic': {'ast': 1.6,
 'blk': 0.1,
 'dreb': 2.1,
 'fga': 5.1,
 'fgm': 1.5,
 'fgp': 29.6,
 'fta': 0.6,
 'ftm': 0.4,
 'ftp': 66.7,
 'gp': 16.0,
 'mins': 1637.0,
 'oreb': 0.6,
 'pf': 1.4,
 'ppg': 3.9,
 'reb': 2.6,
 'stl': 0.7,
 'threepa': 2.6,
 'threepm': 0.6,
 'threepp': 21.4,
 'to': 0.9}},
 'teamname': u'New York Knicks'}
2015-12-12 20:14:30 [scrapy] INFO: Closing spider (finished)
2015-12-12 20:14:30 [scrapy] INFO: Dumping Scrapy stats:
{'downloader/request_bytes': 234,
 'downloader/request_count': 1,
 'downloader/request_method_count/GET': 1,
 'downloader/response_bytes': 128202,
 'downloader/response_count': 1,
 'downloader/response_status_count/200': 1,
 'finish_reason': 'finished',
 'finish_time': datetime.datetime(2015, 12, 13, 1, 14, 30, 257620),
 'item_scraped_count': 1,
 'log_count/DEBUG': 2,
 'log_count/INFO': 6,
 'response_received_count': 1,
 'scheduler/dequeued': 1,
 'scheduler/dequeued/memory': 1,
 'scheduler/enqueued': 1,
 'scheduler/enqueued/memory': 1,
 'start_time': datetime.datetime(2015, 12, 13, 1, 14, 28, 474126)}
2015-12-12 20:14:30 [scrapy] INFO: Spider closed (finished)
