2015-12-12 20:15:27 [scrapy] DEBUG: Crawled (200) <GET https://sports.yahoo.com/nba/teams/gsw/stats/> (referer: None)
2015-12-12 20:15:27 [scrapy] DEBUG: Scraped from <200 https://sports.yahoo.com/nba/teams/gsw/stats/>
{'roster': {u'Andre Iguodala': {'ast': 3.8,
 'blk': 0.3,
 'dreb': 3.6,
 'fga': 6.3,
 'fgm': 3.3,
 'fgp': 52.0,
 'fta': 0.8,
 'ftm': 0.5,
 'ftp': 60.0,
 'gp': 24.0,
 'mins': 2813.0,
 'oreb': 1.2,
 'pf': 1.7,
 'ppg': 8.1,
 'reb': 4.8,
 'stl': 1.5,
 'threepa': 2.6,
 'threepm': 1.1,
 'threepp': 42.9,
 'to': 1.1},
            u'Andrew Bogut': {'ast': 2.2,
 'blk': 1.8,
 'dreb': 4.9,
 'fga': 4.4,
 'fgm': 2.9,
 'fgp': 66.7,
 'fta': 0.8,
 'ftm': 0.4,
 'ftp': 42.9,
 'gp': 17.0,
 'mins': 2000.0,
 'oreb': 1.7,
 'pf': 3.2,
 'ppg': 6.2,
 'reb': 6.6,
 'stl': 0.4,
 'threepa': 0.0,
 'threepm': 0.0,
 'threepp': 0.0,
 'to': 1.1},
            u'Brandon Rush': {'ast': 0.7,
 'blk': 0.2,
 'dreb': 2.3,
 'fga': 3.5,
 'fgm': 1.6,
 'fgp': 46.4,
 'fta': 0.5,
 'ftm': 0.3,
 'ftp': 62.5,
 'gp': 16.0,
 'mins': 1309.0,
 'oreb': 0.5,
 'pf': 0.4,
 'ppg': 4.6,
 'reb': 2.8,
 'stl': 0.2,
 'threepa': 2.2,
 'threepm': 1.1,
 'threepp': 48.6,
 'to': 0.6},
            u'Draymond Green': {'ast': 7.1,
 'blk': 1.5,
 'dreb': 7.1,
 'fga': 10.6,
 'fgm': 4.8,
 'fgp': 45.5,
 'fta': 3.5,
 'ftm': 2.5,
 'ftp': 70.2,
 'gp': 24.0,
 'mins': 3439.0,
 'oreb': 1.5,
 'pf': 3.2,
 'ppg': 13.5,
 'reb': 8.6,
 'stl': 1.2,
 'threepa': 3.8,
 'threepm': 1.4,
 'threepp': 36.3,
 'to': 2.8},
            u'Festus Ezeli': {'ast': 1.0,
 'blk': 1.4,
 'dreb': 4.2,
 'fga': 5.9,
 'fgm': 3.3,
 'fgp': 56.0,
 'fta': 3.8,
 'ftm': 2.0,
 'ftp': 53.8,
 'gp': 24.0,
 'mins': 1958.0,
 'oreb': 2.4,
 'pf': 2.6,
 'ppg': 8.6,
 'reb': 6.6,
 'stl': 0.3,
 'threepa': 0.0,
 'threepm': 0.0,
 'threepp': 0.0,
 'to': 0.9},
            u'Harrison Barnes': {'ast': 1.9,
 'blk': 0.2,
 'dreb': 3.8,
 'fga': 9.9,
 'fgm': 4.9,
 'fgp': 50.0,
 'fta': 2.8,
 'ftm': 2.3,
 'ftp': 83.0,
 'gp': 17.0,
 'mins': 3007.0,
 'oreb': 1.2,
 'pf': 1.8,
 'ppg': 13.4,
 'reb': 5.0,
 'stl': 0.9,
 'threepa': 3.2,
 'threepm': 1.2,
 'threepp': 38.9,
 'to': 1.1},
            u'Ian Clark': {'ast': 0.9,
 'blk': 0.2,
 'dreb': 0.8,
 'fga': 3.1,
 'fgm': 1.3,
 'fgp': 41.9,
 'fta': 0.5,
 'ftm': 0.5,
 'ftp': 90.0,
 'gp': 20.0,
 'mins': 731.0,
 'oreb': 0.3,
 'pf': 0.9,
 'ppg': 3.6,
 'reb': 1.0,
 'stl': 0.2,
 'threepa': 1.3,
 'threepm': 0.6,
 'threepp': 44.0,
 'to': 0.6},
            u'James Michael McAdoo': {'ast': 0.3,
 'blk': 0.1,
 'dreb': 0.6,
 'fga': 1.6,
 'fgm': 0.8,
 'fgp': 50.0,
 'fta': 1.1,
 'ftm': 0.5,
 'ftp': 42.1,
 'gp': 17.0,
 'mins': 452.0,
 'oreb': 0.4,
 'pf': 0.8,
 'ppg': 2.1,
 'reb': 1.1,
 'stl': 0.2,
 'threepa': 0.0,
 'threepm': 0.0,
 'threepp': 0.0,
 'to': 0.4},
            u'Jason Thompson': {'ast': 0.6,
 'blk': 0.3,
 'dreb': 1.5,
 'fga': 1.7,
 'fgm': 0.7,
 'fgp': 42.1,
 'fta': 0.2,
 'ftm': 0.1,
 'ftp': 50.0,
 'gp': 11.0,
 'mins': 550.0,
 'oreb': 0.5,
 'pf': 1.1,
 'ppg': 1.5,
 'reb': 2.1,
 'stl': 0.2,
 'threepa': 0.0,
 'threepm': 0.0,
 'threepp': 0.0,
 'to': 0.4},
            u'Klay Thompson': {'ast': 2.5,
 'blk': 0.9,
 'dreb': 3.3,
 'fga': 14.2,
 'fgm': 6.6,
 'fgp': 46.5,
 'fta': 2.2,
 'ftm': 1.9,
 'ftp': 85.7,
 'gp': 22.0,
 'mins': 3136.0,
 'oreb': 0.4,
 'pf': 2.2,
 'ppg': 18.2,
 'reb': 3.6,
 'stl': 0.5,
 'threepa': 7.0,
 'threepm': 3.1,
 'threepp': 44.2,
 'to': 2.0},
            u'Leandro Barbosa': {'ast': 1.6,
 'blk': 0.2,
 'dreb': 1.2,
 'fga': 6.0,
 'fgm': 2.7,
 'fgp': 44.5,
 'fta': 0.5,
 'ftm': 0.3,
 'ftp': 66.7,
 'gp': 20.0,
 'mins': 1459.0,
 'oreb': 0.5,
 'pf': 1.7,
 'ppg': 6.5,
 'reb': 1.6,
 'stl': 0.9,
 'threepa': 2.0,
 'threepm': 0.9,
 'threepp': 46.2,
 'to': 1.0},
            u'Marreese Speights': {'ast': 0.7,
 'blk': 0.4,
 'dreb': 2.2,
 'fga': 5.2,
 'fgm': 1.8,
 'fgp': 34.6,
 'fta': 1.6,
 'ftm': 1.2,
 'ftp': 75.0,
 'gp': 20.0,
 'mins': 951.0,
 'oreb': 0.9,
 'pf': 1.6,
 'ppg': 4.9,
 'reb': 3.1,
 'stl': 0.2,
 'threepa': 0.4,
 'threepm': 0.1,
 'threepp': 14.3,
 'to': 1.1},
            u'Shaun Livingston': {'ast': 2.4,
 'blk': 0.3,
 'dreb': 1.4,
 'fga': 4.6,
 'fgm': 2.3,
 'fgp': 50.5,
 'fta': 0.9,
 'ftm': 0.9,
 'ftp': 95.0,
 'gp': 22.0,
 'mins': 2045.0,
 'oreb': 0.7,
 'pf': 1.8,
 'ppg': 5.5,
 'reb': 2.0,
 'stl': 0.4,
 'threepa': 0.4,
 'threepm': 0.0,
 'threepp': 12.5,
 'to': 0.8},
            u'Stephen Curry': {'ast': 6.1,
 'blk': 0.1,
 'dreb': 4.7,
 'fga': 20.6,
 'fgm': 10.7,
 'fgp': 51.8,
 'fta': 6.5,
 'ftm': 5.9,
 'ftp': 91.0,
 'gp': 24.0,
 'mins': 3454.0,
 'oreb': 0.6,
 'pf': 1.9,
 'ppg': 32.5,
 'reb': 5.3,
 'stl': 2.3,
 'threepa': 11.2,
 'threepm': 5.2,
 'threepp': 46.5,
 'to': 3.8}},
 'teamname': u'Golden State Warriors'}
2015-12-12 20:15:27 [scrapy] INFO: Closing spider (finished)
2015-12-12 20:15:27 [scrapy] INFO: Dumping Scrapy stats:
{'downloader/request_bytes': 234,
 'downloader/request_count': 1,
 'downloader/request_method_count/GET': 1,
 'downloader/response_bytes': 128257,
 'downloader/response_count': 1,
 'downloader/response_status_count/200': 1,
 'finish_reason': 'finished',
 'finish_time': datetime.datetime(2015, 12, 13, 1, 15, 27, 930693),
 'item_scraped_count': 1,
 'log_count/DEBUG': 2,
 'log_count/INFO': 6,
 'response_received_count': 1,
 'scheduler/dequeued': 1,
 'scheduler/dequeued/memory': 1,
 'scheduler/enqueued': 1,
 'scheduler/enqueued/memory': 1,
 'start_time': datetime.datetime(2015, 12, 13, 1, 15, 26, 572940)}
2015-12-12 20:15:27 [scrapy] INFO: Spider closed (finished)
