2015-12-12 20:14:10 [scrapy] DEBUG: Crawled (200) <GET https://sports.yahoo.com/nba/teams/cle/stats/> (referer: None)
2015-12-12 20:14:11 [scrapy] DEBUG: Scraped from <200 https://sports.yahoo.com/nba/teams/cle/stats/>
{'roster': {u'Anderson Varejao': {'ast': 0.5,
 'blk': 0.2,
 'dreb': 1.9,
 'fga': 1.9,
 'fgm': 0.8,
 'fgp': 44.4,
 'fta': 0.7,
 'ftm': 0.5,
 'ftp': 76.9,
 'gp': 19.0,
 'mins': 848.0,
 'oreb': 0.8,
 'pf': 0.8,
 'ppg': 2.2,
 'reb': 2.7,
 'stl': 0.2,
 'threepa': 0.1,
 'threepm': 0.0,
 'threepp': 0.0,
 'to': 0.5},
            u'Iman Shumpert': {'ast': 0.0,
 'blk': 0.0,
 'dreb': 3.0,
 'fga': 7.0,
 'fgm': 5.0,
 'fgp': 71.4,
 'fta': 3.0,
 'ftm': 2.0,
 'ftp': 66.7,
 'gp': 1.0,
 'mins': 2436.0,
 'oreb': 0.0,
 'pf': 2.0,
 'ppg': 14.0,
 'reb': 3.0,
 'stl': 0.0,
 'threepa': 3.0,
 'threepm': 2.0,
 'threepp': 66.7,
 'to': 0.0},
            u'J.R. Smith': {'ast': 2.0,
 'blk': 0.6,
 'dreb': 2.3,
 'fga': 11.2,
 'fgm': 4.2,
 'fgp': 37.3,
 'fta': 1.2,
 'ftm': 0.7,
 'ftp': 54.5,
 'gp': 18.0,
 'mins': 3148.0,
 'oreb': 0.8,
 'pf': 3.3,
 'ppg': 11.2,
 'reb': 3.1,
 'stl': 0.9,
 'threepa': 5.9,
 'threepm': 2.2,
 'threepp': 36.4,
 'to': 1.2},
            u'James Jones': {'ast': 0.4,
 'blk': 0.2,
 'dreb': 0.8,
 'fga': 3.2,
 'fgm': 1.2,
 'fgp': 36.8,
 'fta': 0.7,
 'ftm': 0.5,
 'ftp': 71.4,
 'gp': 21.0,
 'mins': 943.0,
 'oreb': 0.2,
 'pf': 1.3,
 'ppg': 3.9,
 'reb': 1.0,
 'stl': 0.3,
 'threepa': 2.6,
 'threepm': 1.0,
 'threepp': 40.0,
 'to': 0.3},
            u'Jared Cunningham': {'ast': 0.8,
 'blk': 0.1,
 'dreb': 1.0,
 'fga': 3.5,
 'fgm': 1.2,
 'fgp': 33.3,
 'fta': 1.9,
 'ftm': 1.2,
 'ftp': 61.1,
 'gp': 19.0,
 'mins': 1402.0,
 'oreb': 0.1,
 'pf': 1.5,
 'ppg': 3.9,
 'reb': 1.1,
 'stl': 0.5,
 'threepa': 1.3,
 'threepm': 0.5,
 'threepp': 37.5,
 'to': 0.7},
            u'Joe Harris': {'ast': 0.4,
 'blk': 0.0,
 'dreb': 0.6,
 'fga': 0.8,
 'fgm': 0.2,
 'fgp': 25.0,
 'fta': 0.0,
 'ftm': 0.0,
 'ftp': 0.0,
 'gp': 5.0,
 'mins': 301.0,
 'oreb': 0.0,
 'pf': 0.2,
 'ppg': 0.6,
 'reb': 0.6,
 'stl': 0.0,
 'threepa': 0.8,
 'threepm': 0.2,
 'threepp': 25.0,
 'to': 0.2},
            u'Kevin Love': {'ast': 2.5,
 'blk': 0.5,
 'dreb': 8.3,
 'fga': 13.9,
 'fgm': 6.0,
 'fgp': 43.5,
 'fta': 4.1,
 'ftm': 3.5,
 'ftp': 84.4,
 'gp': 22.0,
 'mins': 3315.0,
 'oreb': 2.7,
 'pf': 1.9,
 'ppg': 17.8,
 'reb': 11.0,
 'stl': 0.8,
 'threepa': 6.1,
 'threepm': 2.2,
 'threepp': 36.6,
 'to': 2.2},
            u'LeBron James': {'ast': 6.4,
 'blk': 0.7,
 'dreb': 6.2,
 'fga': 19.9,
 'fgm': 10.0,
 'fgp': 50.1,
 'fta': 7.6,
 'ftm': 5.4,
 'ftp': 71.3,
 'gp': 21.0,
 'mins': 3644.0,
 'oreb': 1.4,
 'pf': 2.0,
 'ppg': 26.4,
 'reb': 7.7,
 'stl': 1.4,
 'threepa': 3.9,
 'threepm': 1.1,
 'threepp': 28.0,
 'to': 3.5},
            u'Matthew Dellavedova': {'ast': 5.4,
 'blk': 0.1,
 'dreb': 1.9,
 'fga': 7.2,
 'fgm': 3.3,
 'fgp': 45.7,
 'fta': 0.9,
 'ftm': 0.8,
 'ftp': 89.5,
 'gp': 21.0,
 'mins': 2813.0,
 'oreb': 0.3,
 'pf': 2.4,
 'ppg': 8.7,
 'reb': 2.2,
 'stl': 0.7,
 'threepa': 3.0,
 'threepm': 1.3,
 'threepp': 45.2,
 'to': 1.5},
            u'Mo Williams': {'ast': 4.1,
 'blk': 0.2,
 'dreb': 2.7,
 'fga': 10.7,
 'fgm': 5.2,
 'fgp': 48.0,
 'fta': 1.6,
 'ftm': 1.5,
 'ftp': 90.3,
 'gp': 19.0,
 'mins': 2800.0,
 'oreb': 0.2,
 'pf': 2.2,
 'ppg': 13.1,
 'reb': 2.9,
 'stl': 0.5,
 'threepa': 3.7,
 'threepm': 1.3,
 'threepp': 35.7,
 'to': 2.2},
            u'Richard Jefferson': {'ast': 1.1,
 'blk': 0.2,
 'dreb': 1.4,
 'fga': 6.0,
 'fgm': 2.6,
 'fgp': 43.5,
 'fta': 1.5,
 'ftm': 0.9,
 'ftp': 55.9,
 'gp': 22.0,
 'mins': 2250.0,
 'oreb': 0.2,
 'pf': 2.2,
 'ppg': 7.0,
 'reb': 1.6,
 'stl': 0.7,
 'threepa': 2.8,
 'threepm': 0.9,
 'threepp': 32.8,
 'to': 0.9},
            u'Sasha Kaun': {'ast': 0.2,
 'blk': 0.2,
 'dreb': 0.2,
 'fga': 0.3,
 'fgm': 0.2,
 'fgp': 50.0,
 'fta': 0.3,
 'ftm': 0.3,
 'ftp': 100.0,
 'gp': 6.0,
 'mins': 407.0,
 'oreb': 0.7,
 'pf': 0.8,
 'ppg': 0.7,
 'reb': 0.8,
 'stl': 0.3,
 'threepa': 0.0,
 'threepm': 0.0,
 'threepp': 0.0,
 'to': 0.5},
            u'Timofey Mozgov': {'ast': 0.5,
 'blk': 0.7,
 'dreb': 2.7,
 'fga': 5.4,
 'fgm': 2.8,
 'fgp': 51.5,
 'fta': 2.1,
 'ftm': 1.6,
 'ftp': 79.5,
 'gp': 19.0,
 'mins': 1854.0,
 'oreb': 1.3,
 'pf': 1.9,
 'ppg': 7.3,
 'reb': 4.1,
 'stl': 0.4,
 'threepa': 0.2,
 'threepm': 0.1,
 'threepp': 25.0,
 'to': 1.5},
            u'Tristan Thompson': {'ast': 0.9,
 'blk': 0.5,
 'dreb': 7.0,
 'fga': 5.5,
 'fgm': 3.0,
 'fgp': 53.7,
 'fta': 2.2,
 'ftm': 1.1,
 'ftp': 51.0,
 'gp': 22.0,
 'mins': 2650.0,
 'oreb': 2.7,
 'pf': 2.6,
 'ppg': 7.0,
 'reb': 9.7,
 'stl': 0.5,
 'threepa': 0.0,
 'threepm': 0.0,
 'threepp': 0.0,
 'to': 0.9}},
 'teamname': u'Cleveland Cavaliers'}
2015-12-12 20:14:11 [scrapy] INFO: Closing spider (finished)
2015-12-12 20:14:11 [scrapy] INFO: Dumping Scrapy stats:
{'downloader/request_bytes': 234,
 'downloader/request_count': 1,
 'downloader/request_method_count/GET': 1,
 'downloader/response_bytes': 128290,
 'downloader/response_count': 1,
 'downloader/response_status_count/200': 1,
 'finish_reason': 'finished',
 'finish_time': datetime.datetime(2015, 12, 13, 1, 14, 11, 144025),
 'item_scraped_count': 1,
 'log_count/DEBUG': 2,
 'log_count/INFO': 6,
 'response_received_count': 1,
 'scheduler/dequeued': 1,
 'scheduler/dequeued/memory': 1,
 'scheduler/enqueued': 1,
 'scheduler/enqueued/memory': 1,
 'start_time': datetime.datetime(2015, 12, 13, 1, 14, 9, 347515)}
2015-12-12 20:14:11 [scrapy] INFO: Spider closed (finished)
