2015-12-12 18:03:12 [scrapy] DEBUG: Crawled (200) <GET https://sports.yahoo.com/nba/teams/gsw/stats/> (referer: None)
2015-12-12 18:03:12 [scrapy] DEBUG: Scraped from <200 https://sports.yahoo.com/nba/teams/gsw/stats/>
{'roster': {u'Andre Iguodala': {'ast': u'3.8',
 'blk': u'0.3',
 'dreb': u'3.6',
 'fga': u'6.3',
 'fgm': u'3.3',
 'fgp': u'52.0',
 'fta': u'0.8',
 'ftm': u'0.5',
 'ftp': u'60.0',
 'gp': u'24',
 'mins': u'28:13',
 'oreb': u'1.2',
 'pf': u'1.7',
 'ppg': u'8.1',
 'reb': u'4.8',
 'stl': u'1.5',
 'threepa': u'2.6',
 'threepm': u'1.1',
 'threepp': u'42.9',
 'to': u'1.1'},
            u'Andrew Bogut': {'ast': u'2.2',
 'blk': u'1.8',
 'dreb': u'4.9',
 'fga': u'4.4',
 'fgm': u'2.9',
 'fgp': u'66.7',
 'fta': u'0.8',
 'ftm': u'0.4',
 'ftp': u'42.9',
 'gp': u'17',
 'mins': u'20:00',
 'oreb': u'1.7',
 'pf': u'3.2',
 'ppg': u'6.2',
 'reb': u'6.6',
 'stl': u'0.4',
 'threepa': u'0.0',
 'threepm': u'0.0',
 'threepp': u'0.0',
 'to': u'1.1'},
            u'Brandon Rush': {'ast': u'0.7',
 'blk': u'0.2',
 'dreb': u'2.3',
 'fga': u'3.5',
 'fgm': u'1.6',
 'fgp': u'46.4',
 'fta': u'0.5',
 'ftm': u'0.3',
 'ftp': u'62.5',
 'gp': u'16',
 'mins': u'13:09',
 'oreb': u'0.5',
 'pf': u'0.4',
 'ppg': u'4.6',
 'reb': u'2.8',
 'stl': u'0.2',
 'threepa': u'2.2',
 'threepm': u'1.1',
 'threepp': u'48.6',
 'to': u'0.6'},
            u'Draymond Green': {'ast': u'7.1',
 'blk': u'1.5',
 'dreb': u'7.1',
 'fga': u'10.6',
 'fgm': u'4.8',
 'fgp': u'45.5',
 'fta': u'3.5',
 'ftm': u'2.5',
 'ftp': u'70.2',
 'gp': u'24',
 'mins': u'34:39',
 'oreb': u'1.5',
 'pf': u'3.2',
 'ppg': u'13.5',
 'reb': u'8.6',
 'stl': u'1.2',
 'threepa': u'3.8',
 'threepm': u'1.4',
 'threepp': u'36.3',
 'to': u'2.8'},
            u'Festus Ezeli': {'ast': u'1.0',
 'blk': u'1.4',
 'dreb': u'4.2',
 'fga': u'5.9',
 'fgm': u'3.3',
 'fgp': u'56.0',
 'fta': u'3.8',
 'ftm': u'2.0',
 'ftp': u'53.8',
 'gp': u'24',
 'mins': u'19:58',
 'oreb': u'2.4',
 'pf': u'2.6',
 'ppg': u'8.6',
 'reb': u'6.6',
 'stl': u'0.3',
 'threepa': u'0.0',
 'threepm': u'0.0',
 'threepp': u'0.0',
 'to': u'0.9'},
            u'Harrison Barnes': {'ast': u'1.9',
 'blk': u'0.2',
 'dreb': u'3.8',
 'fga': u'9.9',
 'fgm': u'4.9',
 'fgp': u'50.0',
 'fta': u'2.8',
 'ftm': u'2.3',
 'ftp': u'83.0',
 'gp': u'17',
 'mins': u'30:07',
 'oreb': u'1.2',
 'pf': u'1.8',
 'ppg': u'13.4',
 'reb': u'5.0',
 'stl': u'0.9',
 'threepa': u'3.2',
 'threepm': u'1.2',
 'threepp': u'38.9',
 'to': u'1.1'},
            u'Ian Clark': {'ast': u'0.9',
 'blk': u'0.2',
 'dreb': u'0.8',
 'fga': u'3.1',
 'fgm': u'1.3',
 'fgp': u'41.9',
 'fta': u'0.5',
 'ftm': u'0.5',
 'ftp': u'90.0',
 'gp': u'20',
 'mins': u'7:31',
 'oreb': u'0.3',
 'pf': u'0.9',
 'ppg': u'3.6',
 'reb': u'1.0',
 'stl': u'0.2',
 'threepa': u'1.3',
 'threepm': u'0.6',
 'threepp': u'44.0',
 'to': u'0.6'},
            u'James Michael McAdoo': {'ast': u'0.3',
 'blk': u'0.1',
 'dreb': u'0.6',
 'fga': u'1.6',
 'fgm': u'0.8',
 'fgp': u'50.0',
 'fta': u'1.1',
 'ftm': u'0.5',
 'ftp': u'42.1',
 'gp': u'17',
 'mins': u'4:52',
 'oreb': u'0.4',
 'pf': u'0.8',
 'ppg': u'2.1',
 'reb': u'1.1',
 'stl': u'0.2',
 'threepa': u'0.0',
 'threepm': u'0.0',
 'threepp': u'0.0',
 'to': u'0.4'},
            u'Klay Thompson': {'ast': u'2.5',
 'blk': u'0.9',
 'dreb': u'3.3',
 'fga': u'14.2',
 'fgm': u'6.6',
 'fgp': u'46.5',
 'fta': u'2.2',
 'ftm': u'1.9',
 'ftp': u'85.7',
 'gp': u'22',
 'mins': u'31:36',
 'oreb': u'0.4',
 'pf': u'2.2',
 'ppg': u'18.2',
 'reb': u'3.6',
 'stl': u'0.5',
 'threepa': u'7.0',
 'threepm': u'3.1',
 'threepp': u'44.2',
 'to': u'2.0'},
            u'Leandro Barbosa': {'ast': u'1.6',
 'blk': u'0.2',
 'dreb': u'1.2',
 'fga': u'6.0',
 'fgm': u'2.7',
 'fgp': u'44.5',
 'fta': u'0.5',
 'ftm': u'0.3',
 'ftp': u'66.7',
 'gp': u'20',
 'mins': u'14:59',
 'oreb': u'0.5',
 'pf': u'1.7',
 'ppg': u'6.5',
 'reb': u'1.6',
 'stl': u'0.9',
 'threepa': u'2.0',
 'threepm': u'0.9',
 'threepp': u'46.2',
 'to': u'1.0'},
            u'Marreese Speights': {'ast': u'0.7',
 'blk': u'0.4',
 'dreb': u'2.2',
 'fga': u'5.2',
 'fgm': u'1.8',
 'fgp': u'34.6',
 'fta': u'1.6',
 'ftm': u'1.2',
 'ftp': u'75.0',
 'gp': u'20',
 'mins': u'9:51',
 'oreb': u'0.9',
 'pf': u'1.6',
 'ppg': u'4.9',
 'reb': u'3.1',
 'stl': u'0.2',
 'threepa': u'0.4',
 'threepm': u'0.1',
 'threepp': u'14.3',
 'to': u'1.1'},
            u'Shaun Livingston': {'ast': u'2.4',
 'blk': u'0.3',
 'dreb': u'1.4',
 'fga': u'4.6',
 'fgm': u'2.3',
 'fgp': u'50.5',
 'fta': u'0.9',
 'ftm': u'0.9',
 'ftp': u'95.0',
 'gp': u'22',
 'mins': u'20:45',
 'oreb': u'0.7',
 'pf': u'1.8',
 'ppg': u'5.5',
 'reb': u'2.0',
 'stl': u'0.4',
 'threepa': u'0.4',
 'threepm': u'0.0',
 'threepp': u'12.5',
 'to': u'0.8'},
            u'Stephen Curry': {'ast': u'6.1',
 'blk': u'0.1',
 'dreb': u'4.7',
 'fga': u'20.6',
 'fgm': u'10.7',
 'fgp': u'51.8',
 'fta': u'6.5',
 'ftm': u'5.9',
 'ftp': u'91.0',
 'gp': u'24',
 'mins': u'34:54',
 'oreb': u'0.6',
 'pf': u'1.9',
 'ppg': u'32.5',
 'reb': u'5.3',
 'stl': u'2.3',
 'threepa': u'11.2',
 'threepm': u'5.2',
 'threepp': u'46.5',
 'to': u'3.8'}},
 'teamname': u'Golden State Warriors'}
2015-12-12 18:03:12 [scrapy] INFO: Closing spider (finished)
2015-12-12 18:03:12 [scrapy] INFO: Dumping Scrapy stats:
{'downloader/request_bytes': 234,
 'downloader/request_count': 1,
 'downloader/request_method_count/GET': 1,
 'downloader/response_bytes': 128054,
 'downloader/response_count': 1,
 'downloader/response_status_count/200': 1,
 'finish_reason': 'finished',
 'finish_time': datetime.datetime(2015, 12, 12, 23, 3, 12, 932011),
 'item_scraped_count': 1,
 'log_count/DEBUG': 2,
 'log_count/INFO': 6,
 'response_received_count': 1,
 'scheduler/dequeued': 1,
 'scheduler/dequeued/memory': 1,
 'scheduler/enqueued': 1,
 'scheduler/enqueued/memory': 1,
 'start_time': datetime.datetime(2015, 12, 12, 23, 3, 11, 241498)}
2015-12-12 18:03:12 [scrapy] INFO: Spider closed (finished)
