2015-12-12 20:15:03 [scrapy] DEBUG: Crawled (200) <GET https://sports.yahoo.com/nba/teams/bos/stats/> (referer: None)
2015-12-12 20:15:03 [scrapy] DEBUG: Scraped from <200 https://sports.yahoo.com/nba/teams/bos/stats/>
{'roster': {u'Amir Johnson': {'ast': 1.7,
 'blk': 1.3,
 'dreb': 4.0,
 'fga': 5.9,
 'fgm': 3.2,
 'fgp': 54.8,
 'fta': 1.8,
 'ftm': 1.0,
 'ftp': 56.1,
 'gp': 23.0,
 'mins': 2330.0,
 'oreb': 1.9,
 'pf': 2.8,
 'ppg': 7.7,
 'reb': 5.9,
 'stl': 0.7,
 'threepa': 1.0,
 'threepm': 0.3,
 'threepp': 27.3,
 'to': 1.4},
            u'Avery Bradley': {'ast': 2.1,
 'blk': 0.2,
 'dreb': 1.9,
 'fga': 13.5,
 'fgm': 6.2,
 'fgp': 45.8,
 'fta': 1.5,
 'ftm': 1.1,
 'ftp': 77.4,
 'gp': 21.0,
 'mins': 3100.0,
 'oreb': 0.5,
 'pf': 2.4,
 'ppg': 16.0,
 'reb': 2.4,
 'stl': 1.7,
 'threepa': 5.9,
 'threepm': 2.5,
 'threepp': 41.9,
 'to': 1.6},
            u'David Lee': {'ast': 1.9,
 'blk': 0.2,
 'dreb': 2.8,
 'fga': 5.5,
 'fgm': 2.8,
 'fgp': 51.3,
 'fta': 1.9,
 'ftm': 1.4,
 'ftp': 76.9,
 'gp': 21.0,
 'mins': 1534.0,
 'oreb': 1.3,
 'pf': 2.0,
 'ppg': 7.0,
 'reb': 4.1,
 'stl': 0.4,
 'threepa': 0.0,
 'threepm': 0.0,
 'threepp': 0.0,
 'to': 1.4},
            u'Evan Turner': {'ast': 3.8,
 'blk': 0.4,
 'dreb': 3.8,
 'fga': 9.2,
 'fgm': 3.8,
 'fgp': 41.0,
 'fta': 2.0,
 'ftm': 1.7,
 'ftp': 83.0,
 'gp': 23.0,
 'mins': 2624.0,
 'oreb': 0.7,
 'pf': 1.4,
 'ppg': 9.5,
 'reb': 4.5,
 'stl': 1.2,
 'threepa': 1.5,
 'threepm': 0.2,
 'threepp': 14.3,
 'to': 2.0},
            u'Isaiah Thomas': {'ast': 6.4,
 'blk': 0.0,
 'dreb': 2.2,
 'fga': 16.8,
 'fgm': 7.1,
 'fgp': 42.1,
 'fta': 5.0,
 'ftm': 4.4,
 'ftp': 87.9,
 'gp': 23.0,
 'mins': 3147.0,
 'oreb': 0.3,
 'pf': 1.7,
 'ppg': 20.8,
 'reb': 2.5,
 'stl': 1.5,
 'threepa': 6.6,
 'threepm': 2.2,
 'threepp': 33.8,
 'to': 2.6},
            u'Jae Crowder': {'ast': 2.0,
 'blk': 0.5,
 'dreb': 3.3,
 'fga': 9.3,
 'fgm': 4.1,
 'fgp': 43.7,
 'fta': 3.1,
 'ftm': 2.7,
 'ftp': 84.7,
 'gp': 23.0,
 'mins': 3119.0,
 'oreb': 1.1,
 'pf': 2.2,
 'ppg': 12.3,
 'reb': 4.4,
 'stl': 2.1,
 'threepa': 4.2,
 'threepm': 1.5,
 'threepp': 36.5,
 'to': 1.7},
            u'James Young': {'ast': 0.6,
 'blk': 0.0,
 'dreb': 1.0,
 'fga': 1.7,
 'fgm': 0.7,
 'fgp': 41.7,
 'fta': 0.6,
 'ftm': 0.1,
 'ftp': 25.0,
 'gp': 7.0,
 'mins': 922.0,
 'oreb': 0.1,
 'pf': 0.3,
 'ppg': 1.9,
 'reb': 1.1,
 'stl': 0.3,
 'threepa': 1.0,
 'threepm': 0.3,
 'threepp': 28.6,
 'to': 0.1},
            u'Jared Sullinger': {'ast': 2.5,
 'blk': 1.0,
 'dreb': 6.9,
 'fga': 9.8,
 'fgm': 4.2,
 'fgp': 42.7,
 'fta': 1.9,
 'ftm': 1.2,
 'ftp': 63.6,
 'gp': 23.0,
 'mins': 2548.0,
 'oreb': 3.0,
 'pf': 2.6,
 'ppg': 10.2,
 'reb': 9.9,
 'stl': 1.0,
 'threepa': 2.0,
 'threepm': 0.6,
 'threepp': 29.8,
 'to': 1.4},
            u'Jonas Jerebko': {'ast': 0.9,
 'blk': 0.2,
 'dreb': 1.8,
 'fga': 2.8,
 'fgm': 1.0,
 'fgp': 35.9,
 'fta': 0.7,
 'ftm': 0.7,
 'ftp': 88.2,
 'gp': 23.0,
 'mins': 1235.0,
 'oreb': 0.9,
 'pf': 1.6,
 'ppg': 2.8,
 'reb': 2.7,
 'stl': 0.3,
 'threepa': 0.6,
 'threepm': 0.1,
 'threepp': 23.1,
 'to': 0.8},
            u'Jordan Mickey': {'ast': 0.5,
 'blk': 0.5,
 'dreb': 0.5,
 'fga': 1.0,
 'fgm': 0.5,
 'fgp': 50.0,
 'fta': 1.5,
 'ftm': 1.5,
 'ftp': 100.0,
 'gp': 2.0,
 'mins': 237.0,
 'oreb': 1.0,
 'pf': 0.5,
 'ppg': 2.5,
 'reb': 1.5,
 'stl': 0.0,
 'threepa': 0.0,
 'threepm': 0.0,
 'threepp': 0.0,
 'to': 0.0},
            u'Kelly Olynyk': {'ast': 1.6,
 'blk': 0.7,
 'dreb': 2.7,
 'fga': 8.0,
 'fgm': 3.5,
 'fgp': 44.6,
 'fta': 1.5,
 'ftm': 1.1,
 'ftp': 75.0,
 'gp': 22.0,
 'mins': 1840.0,
 'oreb': 1.1,
 'pf': 2.4,
 'ppg': 9.4,
 'reb': 3.8,
 'stl': 1.2,
 'threepa': 3.3,
 'threepm': 1.2,
 'threepp': 37.5,
 'to': 1.3},
            u'Marcus Smart': {'ast': 3.2,
 'blk': 0.3,
 'dreb': 2.9,
 'fga': 9.3,
 'fgm': 3.1,
 'fgp': 33.3,
 'fta': 3.6,
 'ftm': 2.4,
 'ftp': 68.8,
 'gp': 9.0,
 'mins': 2903.0,
 'oreb': 0.9,
 'pf': 3.1,
 'ppg': 9.8,
 'reb': 3.8,
 'stl': 1.8,
 'threepa': 4.7,
 'threepm': 1.1,
 'threepp': 23.8,
 'to': 1.7},
            u'R.J. Hunter': {'ast': 0.4,
 'blk': 0.1,
 'dreb': 1.4,
 'fga': 3.3,
 'fgm': 1.2,
 'fgp': 37.0,
 'fta': 0.1,
 'ftm': 0.1,
 'ftp': 100.0,
 'gp': 14.0,
 'mins': 1045.0,
 'oreb': 0.1,
 'pf': 1.4,
 'ppg': 3.1,
 'reb': 1.4,
 'stl': 0.4,
 'threepa': 2.1,
 'threepm': 0.6,
 'threepp': 26.7,
 'to': 0.4},
            u'Terry Rozier': {'ast': 0.6,
 'blk': 0.0,
 'dreb': 0.6,
 'fga': 3.1,
 'fgm': 0.9,
 'fgp': 27.3,
 'fta': 0.1,
 'ftm': 0.1,
 'ftp': 100.0,
 'gp': 14.0,
 'mins': 642.0,
 'oreb': 0.5,
 'pf': 0.6,
 'ppg': 1.9,
 'reb': 1.1,
 'stl': 0.0,
 'threepa': 0.8,
 'threepm': 0.1,
 'threepp': 18.2,
 'to': 0.6},
            u'Tyler Zeller': {'ast': 0.4,
 'blk': 0.1,
 'dreb': 1.1,
 'fga': 3.0,
 'fgm': 1.6,
 'fgp': 53.3,
 'fta': 1.5,
 'ftm': 1.2,
 'ftp': 78.3,
 'gp': 15.0,
 'mins': 802.0,
 'oreb': 0.5,
 'pf': 1.3,
 'ppg': 4.4,
 'reb': 1.6,
 'stl': 0.1,
 'threepa': 0.0,
 'threepm': 0.0,
 'threepp': 0.0,
 'to': 0.6}},
 'teamname': u'Boston Celtics'}
2015-12-12 20:15:03 [scrapy] INFO: Closing spider (finished)
2015-12-12 20:15:03 [scrapy] INFO: Dumping Scrapy stats:
{'downloader/request_bytes': 234,
 'downloader/request_count': 1,
 'downloader/request_method_count/GET': 1,
 'downloader/response_bytes': 34806,
 'downloader/response_count': 1,
 'downloader/response_status_count/200': 1,
 'finish_reason': 'finished',
 'finish_time': datetime.datetime(2015, 12, 13, 1, 15, 3, 831975),
 'item_scraped_count': 1,
 'log_count/DEBUG': 2,
 'log_count/INFO': 6,
 'response_received_count': 1,
 'scheduler/dequeued': 1,
 'scheduler/dequeued/memory': 1,
 'scheduler/enqueued': 1,
 'scheduler/enqueued/memory': 1,
 'start_time': datetime.datetime(2015, 12, 13, 1, 15, 2, 185264)}
2015-12-12 20:15:03 [scrapy] INFO: Spider closed (finished)
