2015-12-12 18:51:43 [scrapy] DEBUG: Crawled (200) <GET https://sports.yahoo.com/nba/teams/bos/stats/> (referer: None)
2015-12-12 18:51:44 [scrapy] INFO: Closing spider (finished)
2015-12-12 18:51:44 [scrapy] INFO: Dumping Scrapy stats:
{'downloader/request_bytes': 234,
 'downloader/request_count': 1,
 'downloader/request_method_count/GET': 1,
 'downloader/response_bytes': 128182,
 'downloader/response_count': 1,
 'downloader/response_status_count/200': 1,
 'finish_reason': 'finished',
 'finish_time': datetime.datetime(2015, 12, 12, 23, 51, 44, 55832),
 'log_count/DEBUG': 1,
 'log_count/INFO': 6,
 'response_received_count': 1,
 'scheduler/dequeued': 1,
 'scheduler/dequeued/memory': 1,
 'scheduler/enqueued': 1,
 'scheduler/enqueued/memory': 1,
 'start_time': datetime.datetime(2015, 12, 12, 23, 51, 43, 14729)}
2015-12-12 18:51:44 [scrapy] INFO: Spider closed (finished)
