2015-12-12 20:14:50 [scrapy] DEBUG: Crawled (200) <GET https://sports.yahoo.com/nba/teams/phi/stats/> (referer: None)
2015-12-12 20:14:50 [scrapy] DEBUG: Scraped from <200 https://sports.yahoo.com/nba/teams/phi/stats/>
{'roster': {u'Christian Wood': {'ast': 0.3,
 'blk': 0.4,
 'dreb': 1.6,
 'fga': 3.2,
 'fgm': 1.3,
 'fgp': 42.1,
 'fta': 1.1,
 'ftm': 0.8,
 'ftp': 69.2,
 'gp': 12.0,
 'mins': 836.0,
 'oreb': 0.8,
 'pf': 0.8,
 'ppg': 3.7,
 'reb': 2.4,
 'stl': 0.3,
 'threepa': 0.6,
 'threepm': 0.3,
 'threepp': 42.9,
 'to': 0.2},
            u'Hollis Thompson': {'ast': 1.5,
 'blk': 0.4,
 'dreb': 3.1,
 'fga': 7.8,
 'fgm': 2.9,
 'fgp': 37.4,
 'fta': 1.3,
 'ftm': 1.0,
 'ftp': 76.7,
 'gp': 24.0,
 'mins': 2717.0,
 'oreb': 0.7,
 'pf': 2.7,
 'ppg': 8.5,
 'reb': 3.8,
 'stl': 0.6,
 'threepa': 4.7,
 'threepm': 1.8,
 'threepp': 37.2,
 'to': 1.3},
            u'Isaiah Canaan': {'ast': 2.2,
 'blk': 0.3,
 'dreb': 2.0,
 'fga': 9.7,
 'fgm': 3.3,
 'fgp': 33.5,
 'fta': 2.2,
 'ftm': 1.8,
 'ftp': 84.6,
 'gp': 24.0,
 'mins': 2628.0,
 'oreb': 0.3,
 'pf': 1.6,
 'ppg': 10.7,
 'reb': 2.3,
 'stl': 0.8,
 'threepa': 6.7,
 'threepm': 2.3,
 'threepp': 35.0,
 'to': 1.5},
            u'Jahlil Okafor': {'ast': 1.3,
 'blk': 1.5,
 'dreb': 5.5,
 'fga': 15.9,
 'fgm': 7.2,
 'fgp': 45.6,
 'fta': 4.1,
 'ftm': 2.9,
 'ftp': 70.0,
 'gp': 22.0,
 'mins': 3227.0,
 'oreb': 2.4,
 'pf': 2.7,
 'ppg': 17.3,
 'reb': 7.9,
 'stl': 0.3,
 'threepa': 0.1,
 'threepm': 0.0,
 'threepp': 0.0,
 'to': 2.8},
            u'Jakarr Sampson': {'ast': 0.4,
 'blk': 0.2,
 'dreb': 2.3,
 'fga': 4.4,
 'fgm': 2.2,
 'fgp': 49.0,
 'fta': 2.3,
 'ftm': 1.6,
 'ftp': 66.7,
 'gp': 23.0,
 'mins': 1458.0,
 'oreb': 0.7,
 'pf': 2.0,
 'ppg': 6.1,
 'reb': 3.0,
 'stl': 0.3,
 'threepa': 0.7,
 'threepm': 0.2,
 'threepp': 25.0,
 'to': 1.2},
            u'Jerami Grant': {'ast': 1.2,
 'blk': 1.8,
 'dreb': 3.4,
 'fga': 8.3,
 'fgm': 3.6,
 'fgp': 43.4,
 'fta': 3.3,
 'ftm': 2.3,
 'ftp': 70.5,
 'gp': 24.0,
 'mins': 2635.0,
 'oreb': 1.4,
 'pf': 2.8,
 'ppg': 9.9,
 'reb': 4.8,
 'stl': 0.8,
 'threepa': 2.2,
 'threepm': 0.4,
 'threepp': 18.9,
 'to': 1.1},
            u'Kendall Marshall': {'ast': 6.0,
 'blk': 0.0,
 'dreb': 1.0,
 'fga': 4.0,
 'fgm': 2.0,
 'fgp': 50.0,
 'fta': 0.0,
 'ftm': 0.0,
 'ftp': 0.0,
 'gp': 1.0,
 'mins': 1622.0,
 'oreb': 0.0,
 'pf': 0.0,
 'ppg': 5.0,
 'reb': 1.0,
 'stl': 0.0,
 'threepa': 1.0,
 'threepm': 1.0,
 'threepp': 100.0,
 'to': 1.0},
            u'Nerlens Noel': {'ast': 1.2,
 'blk': 1.0,
 'dreb': 6.0,
 'fga': 9.6,
 'fgm': 4.2,
 'fgp': 43.2,
 'fta': 3.4,
 'ftm': 2.0,
 'ftp': 58.2,
 'gp': 20.0,
 'mins': 3021.0,
 'oreb': 2.0,
 'pf': 2.6,
 'ppg': 10.3,
 'reb': 8.0,
 'stl': 1.5,
 'threepa': 0.0,
 'threepm': 0.0,
 'threepp': 0.0,
 'to': 3.0},
            u'Nik Stauskas': {'ast': 1.9,
 'blk': 0.3,
 'dreb': 2.0,
 'fga': 8.3,
 'fgm': 2.9,
 'fgp': 34.6,
 'fta': 1.4,
 'ftm': 1.0,
 'ftp': 73.3,
 'gp': 22.0,
 'mins': 2440.0,
 'oreb': 0.2,
 'pf': 1.5,
 'ppg': 8.2,
 'reb': 2.2,
 'stl': 0.7,
 'threepa': 5.3,
 'threepm': 1.5,
 'threepp': 28.4,
 'to': 1.1},
            u'Phil Pressey': {'ast': 3.3,
 'blk': 0.1,
 'dreb': 1.6,
 'fga': 3.9,
 'fgm': 1.5,
 'fgp': 38.2,
 'fta': 1.3,
 'ftm': 0.6,
 'ftp': 50.0,
 'gp': 14.0,
 'mins': 1208.0,
 'oreb': 0.0,
 'pf': 1.0,
 'ppg': 3.9,
 'reb': 1.6,
 'stl': 0.8,
 'threepa': 0.9,
 'threepm': 0.3,
 'threepp': 30.8,
 'to': 1.4},
            u'Richaun Holmes': {'ast': 0.4,
 'blk': 0.8,
 'dreb': 1.0,
 'fga': 3.8,
 'fgm': 2.1,
 'fgp': 56.6,
 'fta': 1.7,
 'ftm': 1.2,
 'ftp': 70.8,
 'gp': 14.0,
 'mins': 1412.0,
 'oreb': 1.4,
 'pf': 1.9,
 'ppg': 5.7,
 'reb': 2.4,
 'stl': 0.1,
 'threepa': 0.9,
 'threepm': 0.2,
 'threepp': 25.0,
 'to': 0.6},
            u'Robert Covington': {'ast': 1.9,
 'blk': 0.8,
 'dreb': 5.1,
 'fga': 11.3,
 'fgm': 4.4,
 'fgp': 38.8,
 'fta': 3.4,
 'ftm': 2.7,
 'ftp': 80.4,
 'gp': 15.0,
 'mins': 3001.0,
 'oreb': 1.0,
 'pf': 4.0,
 'ppg': 13.7,
 'reb': 6.1,
 'stl': 2.6,
 'threepa': 6.9,
 'threepm': 2.2,
 'threepp': 31.7,
 'to': 3.3},
            u'T.J. McConnell': {'ast': 5.6,
 'blk': 0.3,
 'dreb': 4.1,
 'fga': 6.7,
 'fgm': 3.3,
 'fgp': 48.4,
 'fta': 0.3,
 'ftm': 0.2,
 'ftp': 57.1,
 'gp': 24.0,
 'mins': 2640.0,
 'oreb': 0.6,
 'pf': 1.9,
 'ppg': 7.2,
 'reb': 4.7,
 'stl': 1.4,
 'threepa': 1.6,
 'threepm': 0.5,
 'threepp': 34.2,
 'to': 2.5},
            u'Tony Wroten': {'ast': 2.3,
 'blk': 0.0,
 'dreb': 1.3,
 'fga': 5.7,
 'fgm': 1.7,
 'fgp': 29.4,
 'fta': 3.3,
 'ftm': 1.7,
 'ftp': 50.0,
 'gp': 3.0,
 'mins': 1434.0,
 'oreb': 0.3,
 'pf': 1.3,
 'ppg': 5.0,
 'reb': 1.7,
 'stl': 0.3,
 'threepa': 0.7,
 'threepm': 0.0,
 'threepp': 0.0,
 'to': 2.7}},
 'teamname': u'Philadelphia 76ers'}
2015-12-12 20:14:50 [scrapy] INFO: Closing spider (finished)
2015-12-12 20:14:50 [scrapy] INFO: Dumping Scrapy stats:
{'downloader/request_bytes': 234,
 'downloader/request_count': 1,
 'downloader/request_method_count/GET': 1,
 'downloader/response_bytes': 34824,
 'downloader/response_count': 1,
 'downloader/response_status_count/200': 1,
 'finish_reason': 'finished',
 'finish_time': datetime.datetime(2015, 12, 13, 1, 14, 50, 869659),
 'item_scraped_count': 1,
 'log_count/DEBUG': 2,
 'log_count/INFO': 6,
 'response_received_count': 1,
 'scheduler/dequeued': 1,
 'scheduler/dequeued/memory': 1,
 'scheduler/enqueued': 1,
 'scheduler/enqueued/memory': 1,
 'start_time': datetime.datetime(2015, 12, 13, 1, 14, 49, 744384)}
2015-12-12 20:14:50 [scrapy] INFO: Spider closed (finished)
