2015-12-12 20:38:20 [scrapy] DEBUG: Crawled (404) <GET https://sports.yahoo.com/nba/teams/gsw/stats/,https://sports.yahoo.com/nba/teams/bos/stats/> (referer: None)
2015-12-12 20:38:20 [scrapy] DEBUG: Ignoring response <404 https://sports.yahoo.com/nba/teams/gsw/stats/,https://sports.yahoo.com/nba/teams/bos/stats/>: HTTP status code is not handled or not allowed
2015-12-12 20:38:20 [scrapy] INFO: Closing spider (finished)
2015-12-12 20:38:20 [scrapy] INFO: Dumping Scrapy stats:
{'downloader/request_bytes': 280,
 'downloader/request_count': 1,
 'downloader/request_method_count/GET': 1,
 'downloader/response_bytes': 1445,
 'downloader/response_count': 1,
 'downloader/response_status_count/404': 1,
 'finish_reason': 'finished',
 'finish_time': datetime.datetime(2015, 12, 13, 1, 38, 20, 383805),
 'log_count/DEBUG': 2,
 'log_count/INFO': 6,
 'response_received_count': 1,
 'scheduler/dequeued': 1,
 'scheduler/dequeued/memory': 1,
 'scheduler/enqueued': 1,
 'scheduler/enqueued/memory': 1,
 'start_time': datetime.datetime(2015, 12, 13, 1, 38, 19, 42019)}
2015-12-12 20:38:20 [scrapy] INFO: Spider closed (finished)
